<?xml version="1.0" encoding="utf-8" ?>
<root>
    <npc name="thomas">
        <state name="default">
            <dlg>Hello fellow newgrounder I am the tom fulp of the new grounds dot com</dlg>
            <dlg>Are we talking about tom fulp? I love talking about tom fulp.</dlg>
            <dlg if="SECRET_LOVE_OF_THE_TOM">btw I only say this to people I enjoy the company of. But I love you.</dlg>
        </state>
        <state name="default" if="THE_IRE_OF_TOM">
            <dlg>You disappoint me. Be gone from my sight.</dlg>
        </state>
    </npc>
</root>